20.2.2024, 17:06:43 - INFO - Listening to server on port 3030
20.2.2024, 17:07:10 - INFO - Listening to server on port 3030
20.2.2024, 17:07:45 - WARN - undefined tried to perform an admin action
20.2.2024, 17:09:14 - WARN - undefined tried to perform an admin action
20.2.2024, 17:10:27 - WARN - undefined tried to perform an admin action
20.2.2024, 17:10:30 - WARN - undefined tried to perform an admin action
20.2.2024, 17:11:07 - WARN - undefined tried to perform an admin action
20.2.2024, 17:28:20 - WARN - undefined tried to perform an admin action
21.2.2024, 14:18:00 - INFO - Listening to server on port 3030
21.2.2024, 14:18:10 - WARN - undefined tried to perform an admin action
21.2.2024, 14:18:56 - INFO - Listening to server on port 3030
21.2.2024, 14:19:13 - INFO - Listening to server on port 3030
21.2.2024, 14:19:39 - INFO - Listening to server on port 3030
21.2.2024, 15:14:39 - INFO - Listening to server on port 3030
21.2.2024, 15:15:24 - INFO - Listening to server on port 3030
21.2.2024, 15:15:42 - INFO - Listening to server on port 3030
21.2.2024, 15:15:43 - INFO - Listening to server on port 3030
21.2.2024, 15:19:44 - INFO - Listening to server on port 3030
22.2.2024, 13:41:54 - INFO - Listening to server on port 3030
22.2.2024, 13:43:58 - INFO - Listening to server on port 3030
22.2.2024, 13:44:34 - INFO - Listening to server on port 3030
22.2.2024, 13:45:59 - INFO - Listening to server on port 3030
22.2.2024, 18:08:13 - INFO - Listening to server on port 3030
22.2.2024, 18:19:06 - INFO - Listening to server on port 3030
25.2.2024, 12:47:16 - INFO - Listening to server on port 3030
25.2.2024, 12:48:08 - INFO - Listening to server on port 3030
25.2.2024, 12:48:40 - INFO - Listening to server on port 3030
25.2.2024, 12:56:32 - INFO - Listening to server on port 3030
25.2.2024, 13:02:07 - INFO - Listening to server on port 3030
25.2.2024, 13:09:11 - INFO - Listening to server on port 3030
25.2.2024, 13:10:29 - INFO - Listening to server on port 3030
25.2.2024, 13:11:43 - INFO - Listening to server on port 3030
25.2.2024, 13:12:25 - INFO - Listening to server on port 3030
25.2.2024, 13:12:50 - INFO - Listening to server on port 3030
25.2.2024, 13:13:01 - INFO - Listening to server on port 3030
25.2.2024, 13:13:48 - INFO - Listening to server on port 3030
25.2.2024, 13:15:11 - INFO - Listening to server on port 3030
25.2.2024, 13:15:36 - INFO - Listening to server on port 3030
25.2.2024, 13:15:57 - INFO - Listening to server on port 3030
25.2.2024, 13:16:09 - INFO - Listening to server on port 3030
25.2.2024, 13:17:16 - INFO - Listening to server on port 3030
25.2.2024, 13:18:03 - INFO - Listening to server on port 3030
25.2.2024, 13:19:06 - INFO - Listening to server on port 3030
25.2.2024, 13:20:14 - INFO - Listening to server on port 3030
25.2.2024, 13:20:44 - INFO - Listening to server on port 3030
25.2.2024, 13:20:58 - INFO - Listening to server on port 3030
25.2.2024, 13:21:49 - ERROR - Had problem getting user 65d757f66c6b52531fbf1adb...
25.2.2024, 13:22:09 - INFO - Listening to server on port 3030
25.2.2024, 13:22:13 - ERROR - Had problem getting user 65d757f66c6b52531fbf1adb...
25.2.2024, 13:22:31 - INFO - Listening to server on port 3030
25.2.2024, 13:22:54 - INFO - Listening to server on port 3030
25.2.2024, 13:22:57 - ERROR - Had problem getting user 65d757f66c6b52531fbf1adb...
25.2.2024, 13:23:19 - INFO - Listening to server on port 3030
25.2.2024, 13:23:22 - ERROR - Had problem getting user 65d757f66c6b52531fbf1adb...
25.2.2024, 13:23:29 - INFO - Listening to server on port 3030
25.2.2024, 13:23:32 - ERROR - Had problem getting user 65d757f66c6b52531fbf1adb...
25.2.2024, 13:25:14 - INFO - Listening to server on port 3030
25.2.2024, 13:25:18 - ERROR - Had problem getting user 65d757f66c6b52531fbf1adb...
25.2.2024, 13:25:26 - INFO - Listening to server on port 3030
25.2.2024, 13:25:30 - ERROR - Had problem getting user 65d757f66c6b52531fbf1adb...
25.2.2024, 13:25:36 - INFO - Listening to server on port 3030
25.2.2024, 13:26:42 - INFO - Listening to server on port 3030
25.2.2024, 13:26:50 - ERROR - Had problem getting user 65d757f66c6b52531fbf1adb...
25.2.2024, 13:26:59 - INFO - Listening to server on port 3030
25.2.2024, 13:27:22 - INFO - Listening to server on port 3030
25.2.2024, 13:27:35 - INFO - Listening to server on port 3030
25.2.2024, 13:28:32 - INFO - Listening to server on port 3030
25.2.2024, 13:28:55 - INFO - Listening to server on port 3030
25.2.2024, 13:29:05 - INFO - Listening to server on port 3030
25.2.2024, 14:25:21 - INFO - Listening to server on port 3030
25.2.2024, 14:28:58 - INFO - Listening to server on port 3030
25.2.2024, 14:30:32 - INFO - Listening to server on port 3030
25.2.2024, 14:30:36 - INFO - Listening to server on port 3030
25.2.2024, 14:31:38 - INFO - Listening to server on port 3030
25.2.2024, 14:31:51 - INFO - Listening to server on port 3030
25.2.2024, 14:37:28 - INFO - Listening to server on port 3030
25.2.2024, 14:38:27 - INFO - Listening to server on port 3030
25.2.2024, 14:39:48 - INFO - Listening to server on port 3030
25.2.2024, 14:48:19 - INFO - Listening to server on port 3030
25.2.2024, 14:51:14 - INFO - Listening to server on port 3030
25.2.2024, 14:55:58 - INFO - User login: {"_id":"65d757f66c6b52531fbf1adb","fullname":"Admin","score":9999,"isAdmin":true}
25.2.2024, 14:57:07 - INFO - Listening to server on port 3030
25.2.2024, 14:58:22 - INFO - Listening to server on port 3030
25.2.2024, 14:59:11 - INFO - Listening to server on port 3030
25.2.2024, 14:59:39 - INFO - Listening to server on port 3030
25.2.2024, 15:00:21 - INFO - Listening to server on port 3030
25.2.2024, 15:01:03 - INFO - Listening to server on port 3030
25.2.2024, 15:03:03 - INFO - Listening to server on port 3030
25.2.2024, 15:03:11 - INFO - Listening to server on port 3030
25.2.2024, 15:04:08 - INFO - Listening to server on port 3030
25.2.2024, 15:04:46 - INFO - Listening to server on port 3030
25.2.2024, 15:05:10 - INFO - Listening to server on port 3030
25.2.2024, 15:06:34 - INFO - Listening to server on port 3030
25.2.2024, 15:12:50 - INFO - Listening to server on port 3030
25.2.2024, 15:12:59 - INFO - Listening to server on port 3030
25.2.2024, 15:14:58 - INFO - Listening to server on port 3030
25.2.2024, 15:16:44 - INFO - Listening to server on port 3030
25.2.2024, 15:21:26 - INFO - Listening to server on port 3030
25.2.2024, 15:21:59 - INFO - Listening to server on port 3030
25.2.2024, 15:28:42 - INFO - Listening to server on port 3030
25.2.2024, 15:30:42 - INFO - Listening to server on port 3030
25.2.2024, 15:33:07 - INFO - User login: {"_id":"65d757f66c6b52531fbf1adc","fullname":"Alen Anderson","score":1000,"isAdmin":false}
25.2.2024, 15:41:49 - INFO - Listening to server on port 3030
25.2.2024, 15:59:44 - INFO - Listening to server on port 3030
25.2.2024, 16:07:17 - INFO - Listening to server on port 3030
25.2.2024, 16:09:50 - INFO - Listening to server on port 3030
25.2.2024, 16:10:20 - INFO - Listening to server on port 3030
25.2.2024, 16:13:02 - INFO - Listening to server on port 3030
25.2.2024, 16:13:10 - INFO - Listening to server on port 3030
25.2.2024, 16:24:33 - INFO - Listening to server on port 3030
25.2.2024, 16:24:50 - INFO - Listening to server on port 3030
25.2.2024, 16:25:23 - ERROR - Had problem getting bugs...
25.2.2024, 16:28:50 - INFO - Listening to server on port 3030
25.2.2024, 16:28:52 - ERROR - Had problem getting bugs...
25.2.2024, 16:29:02 - INFO - Listening to server on port 3030
25.2.2024, 16:29:05 - ERROR - Had problem getting bugs...
25.2.2024, 16:30:11 - INFO - Listening to server on port 3030
25.2.2024, 16:30:12 - ERROR - Had problem getting bugs...
25.2.2024, 16:31:07 - INFO - Listening to server on port 3030
25.2.2024, 16:31:08 - ERROR - Had problem getting bugs...
25.2.2024, 16:31:36 - INFO - Listening to server on port 3030
25.2.2024, 16:31:37 - ERROR - Had problem getting bugs...
25.2.2024, 16:31:54 - INFO - Listening to server on port 3030
25.2.2024, 16:31:56 - ERROR - Had problem getting bugs...
25.2.2024, 16:32:10 - INFO - Listening to server on port 3030
25.2.2024, 16:32:11 - ERROR - Had problem getting bugs...
25.2.2024, 16:32:31 - INFO - Listening to server on port 3030
25.2.2024, 16:32:33 - ERROR - Had problem getting bugs...
25.2.2024, 16:33:30 - INFO - Listening to server on port 3030
25.2.2024, 16:33:35 - ERROR - Had problem getting bugs...
25.2.2024, 16:34:25 - INFO - Listening to server on port 3030
25.2.2024, 16:34:26 - ERROR - Had problem getting bugs...
25.2.2024, 16:34:37 - INFO - Listening to server on port 3030
25.2.2024, 16:34:39 - ERROR - Had problem getting bugs...
25.2.2024, 16:34:46 - INFO - Listening to server on port 3030
25.2.2024, 16:34:47 - ERROR - Had problem getting bugs...
25.2.2024, 16:35:11 - INFO - Listening to server on port 3030
25.2.2024, 16:35:45 - INFO - Listening to server on port 3030
25.2.2024, 16:38:27 - INFO - Listening to server on port 3030
25.2.2024, 16:38:45 - INFO - Listening to server on port 3030
25.2.2024, 16:42:07 - INFO - Listening to server on port 3030
25.2.2024, 16:48:48 - INFO - Listening to server on port 3030
25.2.2024, 16:48:55 - ERROR - Had problem getting bugs...
25.2.2024, 16:49:16 - INFO - Listening to server on port 3030
25.2.2024, 16:49:21 - ERROR - Had problem getting bugs...
25.2.2024, 16:49:47 - INFO - Listening to server on port 3030
25.2.2024, 16:49:48 - ERROR - Had problem getting bugs...
25.2.2024, 16:51:40 - INFO - Listening to server on port 3030
25.2.2024, 16:51:43 - ERROR - Had problem getting bugs...
25.2.2024, 16:58:55 - INFO - Listening to server on port 3030
25.2.2024, 16:59:00 - ERROR - Had problem getting bugs...
25.2.2024, 16:59:08 - INFO - Listening to server on port 3030
25.2.2024, 17:00:19 - INFO - Listening to server on port 3030
25.2.2024, 17:02:09 - INFO - Listening to server on port 3030
25.2.2024, 17:02:14 - ERROR - Had problem getting bugs...
25.2.2024, 17:02:35 - ERROR - Had problem getting bugs...
25.2.2024, 17:02:52 - INFO - Listening to server on port 3030
25.2.2024, 17:02:54 - ERROR - Had problem getting bugs...
25.2.2024, 17:03:05 - INFO - Listening to server on port 3030
25.2.2024, 17:03:08 - ERROR - Had problem getting bugs...
25.2.2024, 17:03:26 - INFO - Listening to server on port 3030
25.2.2024, 17:03:29 - ERROR - Had problem getting bugs...
25.2.2024, 17:04:03 - INFO - Listening to server on port 3030
25.2.2024, 17:04:06 - ERROR - Had problem getting bugs...
25.2.2024, 17:07:38 - INFO - Listening to server on port 3030
25.2.2024, 17:07:43 - INFO - Listening to server on port 3030
26.2.2024, 12:10:33 - INFO - Listening to server on port 3030
